<?xml version="1.0" encoding="UTF-8"?>
<!-- Generated by org.testng.reporters.JUnitReportReporter -->
<testsuite hostname="DESKTOP-SD5PFCR" failures="0" tests="2" name="day1.restassured.PostUsingHashMap" time="6.990" errors="0" timestamp="2023-09-08T19:58:05 IST" skipped="0">
  <testcase classname="day1.restassured.PostUsingHashMap" name="testPostHashMap" time="6.820"/>
  <system-out/>
  <testcase classname="day1.restassured.PostUsingHashMap" name="testDelete" time="0.170"/>
  <system-out/>
</testsuite> <!-- day1.restassured.PostUsingHashMap -->
