<?xml version="1.0" encoding="UTF-8"?>
<!-- Generated by org.testng.reporters.JUnitReportReporter -->
<testsuite hostname="DESKTOP-SD5PFCR" failures="0" tests="1" name="day1.HTTPRequest" time="0.398" errors="0" timestamp="2023-07-27T09:50:30 IST" skipped="0">
  <testcase classname="day1.HTTPRequest" name="getUser" time="0.398"/>
  <system-out/>
</testsuite> <!-- day1.HTTPRequest -->
