<?xml version="1.0" encoding="UTF-8"?>
<!-- Generated by org.testng.reporters.JUnitReportReporter -->
<testsuite hostname="DESKTOP-SD5PFCR" failures="0" tests="1" name="day3.restassured.QueryAndPathParameter" time="3.820" errors="0" timestamp="2023-09-09T00:40:14 IST" skipped="0">
  <testcase classname="day3.restassured.QueryAndPathParameter" name="queryAndPathParameter" time="3.820"/>
  <system-out/>
</testsuite> <!-- day3.restassured.QueryAndPathParameter -->
