<?xml version="1.0" encoding="UTF-8"?>
<!-- Generated by org.testng.reporters.JUnitReportReporter -->
<testsuite hostname="DESKTOP-SD5PFCR" failures="0" tests="2" name="day3.restassured.Headers" time="4.178" errors="0" timestamp="2023-09-10T13:21:21 IST" skipped="0">
  <testcase classname="day3.restassured.Headers" name="allHeaders" time="3.552"/>
  <system-out/>
  <testcase classname="day3.restassured.Headers" name="headers" time="0.626"/>
  <system-out/>
</testsuite> <!-- day3.restassured.Headers -->
