<?xml version="1.0" encoding="UTF-8"?>
<!-- Generated by org.testng.reporters.JUnitReportReporter -->
<testsuite hostname="DESKTOP-SD5PFCR" failures="0" tests="1" name="day3.restassured.Logs" time="10.986" errors="0" timestamp="2023-09-10T15:30:21 IST" skipped="0">
  <testcase classname="day3.restassured.Logs" name="logs" time="10.986"/>
  <system-out/>
</testsuite> <!-- day3.restassured.Logs -->
