<?xml version="1.0" encoding="UTF-8"?>
<!-- Generated by org.testng.reporters.JUnitReportReporter -->
<testsuite hostname="DESKTOP-SD5PFCR" failures="0" tests="3" name="day1.restassured.HTTPRequest" time="6.221" errors="0" timestamp="2023-09-08T16:53:32 IST" skipped="0">
  <testcase classname="day1.restassured.HTTPRequest" name="getUser" time="3.634"/>
  <system-out/>
  <testcase classname="day1.restassured.HTTPRequest" name="createUser" time="2.139"/>
  <system-out/>
  <testcase classname="day1.restassured.HTTPRequest" name="updateUser" time="0.448"/>
  <system-out/>
</testsuite> <!-- day1.restassured.HTTPRequest -->
