<?xml version="1.0" encoding="UTF-8"?>
<!-- Generated by org.testng.reporters.JUnitReportReporter -->
<testsuite hostname="DESKTOP-SD5PFCR" failures="0" tests="1" name="day3.restassured.Cookies" time="3.302" errors="0" timestamp="2023-09-09T01:08:11 IST" skipped="0">
  <testcase classname="day3.restassured.Cookies" name="getAllcookie" time="3.302"/>
  <system-out/>
</testsuite> <!-- day3.restassured.Cookies -->
