<?xml version="1.0" encoding="UTF-8"?>
<!-- Generated by org.testng.reporters.JUnitReportReporter -->
<testsuite hostname="DESKTOP-SD5PFCR" failures="0" tests="2" name="day5.restassured.ParsingXMLResponse" time="4.715" errors="0" timestamp="2023-09-13T12:26:32 IST" skipped="0">
  <testcase classname="day5.restassured.ParsingXMLResponse" name="testxmlobject" time="0.381"/>
  <system-out/>
  <testcase classname="day5.restassured.ParsingXMLResponse" name="testxmlResponsebody" time="4.334"/>
  <system-out/>
</testsuite> <!-- day5.restassured.ParsingXMLResponse -->
