<?xml version="1.0" encoding="UTF-8"?>
<!-- Generated by org.testng.reporters.JUnitReportReporter -->
<testsuite hostname="DESKTOP-SD5PFCR" failures="0" tests="1" name="day2.restassured.PostUsingMultipleways" time="4.519" errors="0" timestamp="2023-09-09T00:12:25 IST" skipped="0">
  <testcase classname="day2.restassured.PostUsingMultipleways" name="postUsingexternalJson" time="4.519"/>
  <system-out/>
</testsuite> <!-- day2.restassured.PostUsingMultipleways -->
